<?xml version="1.0" encoding="UTF-8"?>
<!-- Generated by org.testng.reporters.JUnitReportReporter -->
<testsuite hostname="DESKTOP-UMU5UUR" failures="0" tests="1" name="com.timetracking.actitime.automation.basicTestScript.CreateProducts" time="13.794" errors="0" timestamp="2022-11-05T13:30:33 IST" skipped="0">
  <testcase classname="com.timetracking.actitime.automation.basicTestScript.CreateProducts" name="createProductsAndVerifyProductName" time="13.794"/>
  <system-out/>
</testsuite> <!-- com.timetracking.actitime.automation.basicTestScript.CreateProducts -->
